[01m[K/home/final/ROS_2_ANDROID/src/publisher_member_function.cpp:110:17:[m[K [01;35m[Kwarning: [m[Kcharacter constant too long for its type
  message.data = [01;35m[K'{linear: {x: 1.0}}'[m[K -1;
                 [01;35m[K^~~~~~~~~~~~~~~~~~~~[m[K
[01m[K/home/final/ROS_2_ANDROID/src/publisher_member_function.cpp:[m[K In function â€˜[01m[Kint main(int, char**)[m[Kâ€™:
[01m[K/home/final/ROS_2_ANDROID/src/publisher_member_function.cpp:88:39:[m[K [01;31m[Kerror: [m[Kâ€˜[01m[Kgeometry_msgs[m[Kâ€™ was not declared in this scope
   publisher_ = node->create_publisher<[01;31m[Kgeometry_msgs[m[K/Twist>("topic", 10);
                                       [01;31m[K^~~~~~~~~~~~~[m[K
[01m[K/home/final/ROS_2_ANDROID/src/publisher_member_function.cpp:88:53:[m[K [01;31m[Kerror: [m[Kâ€˜[01m[KTwist[m[Kâ€™ was not declared in this scope
   publisher_ = node->create_publisher<geometry_msgs/[01;31m[KTwist[m[K>("topic", 10);
                                                     [01;31m[K^~~~~[m[K
[01m[K/home/final/ROS_2_ANDROID/src/publisher_member_function.cpp:88:71:[m[K [01;31m[Kerror: [m[Kno matching function for call to â€˜[01m[Krclcpp::Node::create_publisher<<expression error> >(const char [6], int)[m[Kâ€™
   publisher_ = node->create_publisher<geometry_msgs/Twist>("topic", 10[01;31m[K)[m[K;
                                                                       [01;31m[K^[m[K
In file included from [01m[K/opt/ros/dashing/include/rclcpp/executors/single_threaded_executor.hpp:28:0[m[K,
                 from [01m[K/opt/ros/dashing/include/rclcpp/executors.hpp:22[m[K,
                 from [01m[K/opt/ros/dashing/include/rclcpp/rclcpp.hpp:144[m[K,
                 from [01m[K/home/final/ROS_2_ANDROID/src/publisher_member_function.cpp:18[m[K:
[01m[K/opt/ros/dashing/include/rclcpp/node.hpp:177:3:[m[K [01;36m[Knote: [m[Kcandidate: template<class MessageT, class AllocatorT, class PublisherT> std::shared_ptr<PublisherT> rclcpp::Node::create_publisher(const string&, const rclcpp::QoS&, const rclcpp::PublisherOptionsWithAllocator<AllocatorT>&)
   [01;36m[Kcreate_publisher[m[K(
   [01;36m[K^~~~~~~~~~~~~~~~[m[K
[01m[K/opt/ros/dashing/include/rclcpp/node.hpp:177:3:[m[K [01;36m[Knote: [m[K  template argument deduction/substitution failed:
[01m[K/home/final/ROS_2_ANDROID/src/publisher_member_function.cpp:88:71:[m[K [01;31m[Kerror: [m[Ktemplate argument 1 is invalid
   publisher_ = node->create_publisher<geometry_msgs/Twist>("topic", 10[01;31m[K)[m[K;
                                                                       [01;31m[K^[m[K
In file included from [01m[K/opt/ros/dashing/include/rclcpp/executors/single_threaded_executor.hpp:28:0[m[K,
                 from [01m[K/opt/ros/dashing/include/rclcpp/executors.hpp:22[m[K,
                 from [01m[K/opt/ros/dashing/include/rclcpp/rclcpp.hpp:144[m[K,
                 from [01m[K/home/final/ROS_2_ANDROID/src/publisher_member_function.cpp:18[m[K:
[01m[K/opt/ros/dashing/include/rclcpp/node.hpp:198:3:[m[K [01;36m[Knote: [m[Kcandidate: template<class MessageT, class AllocatorT, class PublisherT> std::shared_ptr<PublisherT> rclcpp::Node::create_publisher(const string&, size_t, std::shared_ptr<_Up>)
   [01;36m[Kcreate_publisher[m[K(
   [01;36m[K^~~~~~~~~~~~~~~~[m[K
[01m[K/opt/ros/dashing/include/rclcpp/node.hpp:198:3:[m[K [01;36m[Knote: [m[K  template argument deduction/substitution failed:
[01m[K/home/final/ROS_2_ANDROID/src/publisher_member_function.cpp:88:71:[m[K [01;31m[Kerror: [m[Ktemplate argument 1 is invalid
   publisher_ = node->create_publisher<geometry_msgs/Twist>("topic", 10[01;31m[K)[m[K;
                                                                       [01;31m[K^[m[K
In file included from [01m[K/opt/ros/dashing/include/rclcpp/executors/single_threaded_executor.hpp:28:0[m[K,
                 from [01m[K/opt/ros/dashing/include/rclcpp/executors.hpp:22[m[K,
                 from [01m[K/opt/ros/dashing/include/rclcpp/rclcpp.hpp:144[m[K,
                 from [01m[K/home/final/ROS_2_ANDROID/src/publisher_member_function.cpp:18[m[K:
[01m[K/opt/ros/dashing/include/rclcpp/node.hpp:217:3:[m[K [01;36m[Knote: [m[Kcandidate: template<class MessageT, class AllocatorT, class PublisherT> std::shared_ptr<PublisherT> rclcpp::Node::create_publisher(const string&, const rmw_qos_profile_t&, std::shared_ptr<_Up>)
   [01;36m[Kcreate_publisher[m[K(
   [01;36m[K^~~~~~~~~~~~~~~~[m[K
[01m[K/opt/ros/dashing/include/rclcpp/node.hpp:217:3:[m[K [01;36m[Knote: [m[K  template argument deduction/substitution failed:
[01m[K/home/final/ROS_2_ANDROID/src/publisher_member_function.cpp:88:71:[m[K [01;31m[Kerror: [m[Ktemplate argument 1 is invalid
   publisher_ = node->create_publisher<geometry_msgs/Twist>("topic", 10[01;31m[K)[m[K;
                                                                       [01;31m[K^[m[K
[01m[K/home/final/ROS_2_ANDROID/src/publisher_member_function.cpp:110:38:[m[K [01;35m[Kwarning: [m[Koverflow in implicit constant conversion [[01;35m[K-Woverflow[m[K]
  message.data = [01;35m[K'{linear: {x: 1.0}}' -1[m[K;
                 [01;35m[K~~~~~~~~~~~~~~~~~~~~~^~[m[K
make[2]: *** [CMakeFiles/talker.dir/src/publisher_member_function.cpp.o] Error 1
make[1]: *** [CMakeFiles/talker.dir/all] Error 2
make: *** [all] Error 2
