[0.065s] Invoking command in '/home/final/ROS_2_ANDROID/build/cpp_pubsub': CMAKE_PREFIX_PATH=${CMAKE_PREFIX_PATH}:/opt/ros/dashing /usr/bin/cmake --build /home/final/ROS_2_ANDROID/build/cpp_pubsub -- -j1 -l1
[0.281s] [35m[1mScanning dependencies of target talker[0m
[0.359s] [ 25%] [32mBuilding CXX object CMakeFiles/talker.dir/src/publisher_member_function.cpp.o[0m
[3.884s] [01m[K/home/final/ROS_2_ANDROID/src/publisher_member_function.cpp:[m[K In function â€˜[01m[Kint main(int, char**)[m[Kâ€™:
[3.884s] [01m[K/home/final/ROS_2_ANDROID/src/publisher_member_function.cpp:114:13:[m[K [01;31m[Kerror: [m[KISO C++ forbids comparison between pointer and integer [[01;31m[K-fpermissive[m[K]
[3.885s]   if (buf == [01;31m[K1[m[K) {
[3.888s]              [01;31m[K^[m[K
[3.888s] [01m[K/home/final/ROS_2_ANDROID/src/publisher_member_function.cpp:120:13:[m[K [01;31m[Kerror: [m[KISO C++ forbids comparison between pointer and integer [[01;31m[K-fpermissive[m[K]
[3.888s]   if (buf == [01;31m[K2[m[K) {
[3.888s]              [01;31m[K^[m[K
[3.889s] [01m[K/home/final/ROS_2_ANDROID/src/publisher_member_function.cpp:126:13:[m[K [01;31m[Kerror: [m[KISO C++ forbids comparison between pointer and integer [[01;31m[K-fpermissive[m[K]
[3.889s]   if (buf == [01;31m[K3[m[K) {
[3.889s]              [01;31m[K^[m[K
[3.890s] [01m[K/home/final/ROS_2_ANDROID/src/publisher_member_function.cpp:135:13:[m[K [01;31m[Kerror: [m[KISO C++ forbids comparison between pointer and integer [[01;31m[K-fpermissive[m[K]
[3.891s]   if (buf == [01;31m[K4[m[K) {
[3.891s]              [01;31m[K^[m[K
[3.891s] [01m[K/home/final/ROS_2_ANDROID/src/publisher_member_function.cpp:141:13:[m[K [01;31m[Kerror: [m[KISO C++ forbids comparison between pointer and integer [[01;31m[K-fpermissive[m[K]
[3.891s]   if (buf == [01;31m[K5[m[K) {
[3.894s]              [01;31m[K^[m[K
[4.990s] CMakeFiles/talker.dir/build.make:62: recipe for target 'CMakeFiles/talker.dir/src/publisher_member_function.cpp.o' failed
[4.996s] make[2]: *** [CMakeFiles/talker.dir/src/publisher_member_function.cpp.o] Error 1
[4.996s] CMakeFiles/Makefile2:67: recipe for target 'CMakeFiles/talker.dir/all' failed
[4.996s] make[1]: *** [CMakeFiles/talker.dir/all] Error 2
[4.996s] make: *** [all] Error 2
[4.996s] Makefile:140: recipe for target 'all' failed
[4.997s] Invoked command in '/home/final/ROS_2_ANDROID/build/cpp_pubsub' returned '2': CMAKE_PREFIX_PATH=${CMAKE_PREFIX_PATH}:/opt/ros/dashing /usr/bin/cmake --build /home/final/ROS_2_ANDROID/build/cpp_pubsub -- -j1 -l1
