[35m[1mScanning dependencies of target talker[0m
[ 25%] [32mBuilding CXX object CMakeFiles/talker.dir/src/publisher_member_function.cpp.o[0m
[01m[K/home/final/ROS_2_ANDROID/src/publisher_member_function.cpp:[m[K In function â€˜[01m[Kint main(int, char**)[m[Kâ€™:
[01m[K/home/final/ROS_2_ANDROID/src/publisher_member_function.cpp:114:16:[m[K [01;35m[Kwarning: [m[Kcomparison with string literal results in unspecified behavior [[01;35m[K-Waddress[m[K]
  if (buf[0] == [01;35m[K"1"[m[K) {
                [01;35m[K^~~[m[K
[01m[K/home/final/ROS_2_ANDROID/src/publisher_member_function.cpp:114:16:[m[K [01;31m[Kerror: [m[KISO C++ forbids comparison between pointer and integer [[01;31m[K-fpermissive[m[K]
[01m[K/home/final/ROS_2_ANDROID/src/publisher_member_function.cpp:120:13:[m[K [01;35m[Kwarning: [m[Kcomparison with string literal results in unspecified behavior [[01;35m[K-Waddress[m[K]
  if (buf == [01;35m[K"2"[m[K) {
             [01;35m[K^~~[m[K
[01m[K/home/final/ROS_2_ANDROID/src/publisher_member_function.cpp:126:13:[m[K [01;35m[Kwarning: [m[Kcomparison with string literal results in unspecified behavior [[01;35m[K-Waddress[m[K]
  if (buf == [01;35m[K"3"[m[K) {
             [01;35m[K^~~[m[K
[01m[K/home/final/ROS_2_ANDROID/src/publisher_member_function.cpp:135:13:[m[K [01;35m[Kwarning: [m[Kcomparison with string literal results in unspecified behavior [[01;35m[K-Waddress[m[K]
  if (buf == [01;35m[K"4"[m[K) {
             [01;35m[K^~~[m[K
[01m[K/home/final/ROS_2_ANDROID/src/publisher_member_function.cpp:141:13:[m[K [01;35m[Kwarning: [m[Kcomparison with string literal results in unspecified behavior [[01;35m[K-Waddress[m[K]
  if (buf == [01;35m[K"5"[m[K) {
             [01;35m[K^~~[m[K
CMakeFiles/talker.dir/build.make:62: recipe for target 'CMakeFiles/talker.dir/src/publisher_member_function.cpp.o' failed
make[2]: *** [CMakeFiles/talker.dir/src/publisher_member_function.cpp.o] Error 1
CMakeFiles/Makefile2:67: recipe for target 'CMakeFiles/talker.dir/all' failed
make[1]: *** [CMakeFiles/talker.dir/all] Error 2
make: *** [all] Error 2
Makefile:140: recipe for target 'all' failed
