[0.023s] Invoking command in '/home/final/ROS_2_ANDROID/build/cpp_pubsub': CMAKE_PREFIX_PATH=${CMAKE_PREFIX_PATH}:/opt/ros/dashing /usr/bin/cmake --build /home/final/ROS_2_ANDROID/build/cpp_pubsub -- -j1 -l1
[0.113s] [35m[1mScanning dependencies of target talker[0m
[0.173s] [ 25%] [32mBuilding CXX object CMakeFiles/talker.dir/src/publisher_member_function.cpp.o[0m
[1.643s] [01m[K/home/final/ROS_2_ANDROID/src/publisher_member_function.cpp:[m[K In function â€˜[01m[Kint main(int, char**)[m[Kâ€™:
[1.644s] [01m[K/home/final/ROS_2_ANDROID/src/publisher_member_function.cpp:113:9:[m[K [01;31m[Kerror: [m[Kbase operand of â€˜[01m[K->[m[Kâ€™ has non-pointer type â€˜[01m[Kgeometry_msgs::msg::Twist_<std::allocator<void> >[m[Kâ€™
[1.644s]   message[01;31m[K->[m[Klinear.x = 1.0;
[1.644s]          [01;31m[K^~[m[K
[1.644s] [01m[K/home/final/ROS_2_ANDROID/src/publisher_member_function.cpp:114:9:[m[K [01;31m[Kerror: [m[Kbase operand of â€˜[01m[K->[m[Kâ€™ has non-pointer type â€˜[01m[Kgeometry_msgs::msg::Twist_<std::allocator<void> >[m[Kâ€™
[1.644s]   message[01;31m[K->[m[Klinear.y = 0.0;
[1.645s]          [01;31m[K^~[m[K
[1.645s] [01m[K/home/final/ROS_2_ANDROID/src/publisher_member_function.cpp:115:9:[m[K [01;31m[Kerror: [m[Kbase operand of â€˜[01m[K->[m[Kâ€™ has non-pointer type â€˜[01m[Kgeometry_msgs::msg::Twist_<std::allocator<void> >[m[Kâ€™
[1.645s]   message[01;31m[K->[m[Klinear.z = 0.0;
[1.645s]          [01;31m[K^~[m[K
[1.646s] In file included from [01m[K/opt/ros/dashing/include/rclcpp/client.hpp:39:0[m[K,
[1.646s]                  from [01m[K/opt/ros/dashing/include/rclcpp/callback_group.hpp:23[m[K,
[1.647s]                  from [01m[K/opt/ros/dashing/include/rclcpp/any_executable.hpp:20[m[K,
[1.647s]                  from [01m[K/opt/ros/dashing/include/rclcpp/memory_strategy.hpp:24[m[K,
[1.647s]                  from [01m[K/opt/ros/dashing/include/rclcpp/memory_strategies.hpp:18[m[K,
[1.647s]                  from [01m[K/opt/ros/dashing/include/rclcpp/executor.hpp:33[m[K,
[1.647s]                  from [01m[K/opt/ros/dashing/include/rclcpp/executors/multi_threaded_executor.hpp:24[m[K,
[1.648s]                  from [01m[K/opt/ros/dashing/include/rclcpp/executors.hpp:21[m[K,
[1.648s]                  from [01m[K/opt/ros/dashing/include/rclcpp/rclcpp.hpp:144[m[K,
[1.648s]                  from [01m[K/home/final/ROS_2_ANDROID/src/publisher_member_function.cpp:18[m[K:
[1.648s] [01m[K/home/final/ROS_2_ANDROID/src/publisher_member_function.cpp:117:66:[m[K [01;31m[Kerror: [m[Kbase operand of â€˜[01m[K->[m[Kâ€™ has non-pointer type â€˜[01m[Kgeometry_msgs::msg::Twist_<std::allocator<void> >[m[Kâ€™
[1.648s]   RCLCPP_INFO(node->get_logger(), "I heard: '%i, %i, %i'", message[01;31m[K-[m[K>linear.x, message->linear.y, message->linear.z);
[1.649s]                                                                   [01;31m[K^[m[K
[1.649s] [01m[K/opt/ros/dashing/include/rcutils/logging_macros.h:72:64:[m[K [01;36m[Knote: [m[Kin definition of macro â€˜[01m[KRCUTILS_LOG_COND_NAMED[m[Kâ€™
[1.649s]        rcutils_log(&__rcutils_logging_location, severity, name, [01;36m[K__VA_ARGS__[m[K); \
[1.649s]                                                                 [01;36m[K^~~~~~~~~~~[m[K
[1.650s] [01m[K/opt/ros/dashing/include/rclcpp/logging.hpp:218:5:[m[K [01;36m[Knote: [m[Kin expansion of macro â€˜[01m[KRCUTILS_LOG_INFO_NAMED[m[Kâ€™
[1.650s]      [01;36m[KRCUTILS_LOG_INFO_NAMED[m[K( \
[1.650s]      [01;36m[K^~~~~~~~~~~~~~~~~~~~~~[m[K
[1.650s] [01m[K/opt/ros/dashing/include/rclcpp/logging.hpp:221:9:[m[K [01;36m[Knote: [m[Kin expansion of macro â€˜[01m[KRCLCPP_ALL_BUT_FIRST_ARGS[m[Kâ€™
[1.650s]          [01;36m[KRCLCPP_ALL_BUT_FIRST_ARGS[m[K(__VA_ARGS__,"")); \
[1.650s]          [01;36m[K^~~~~~~~~~~~~~~~~~~~~~~~~[m[K
[1.650s] [01m[K/home/final/ROS_2_ANDROID/src/publisher_member_function.cpp:117:2:[m[K [01;36m[Knote: [m[Kin expansion of macro â€˜[01m[KRCLCPP_INFO[m[Kâ€™
[1.650s]   [01;36m[KRCLCPP_INFO[m[K(node->get_logger(), "I heard: '%i, %i, %i'", message->linear.x, message->linear.y, message->linear.z);
[1.651s]   [01;36m[K^~~~~~~~~~~[m[K
[1.657s] [01m[K/home/final/ROS_2_ANDROID/src/publisher_member_function.cpp:117:85:[m[K [01;31m[Kerror: [m[Kbase operand of â€˜[01m[K->[m[Kâ€™ has non-pointer type â€˜[01m[Kgeometry_msgs::msg::Twist_<std::allocator<void> >[m[Kâ€™
[1.657s]  e->get_logger(), "I heard: '%i, %i, %i'", message->linear.x, message[01;31m[K-[m[K>linear.y, message->linear.z);
[1.657s]                                                                      [01;31m[K^[m[K
[1.657s] [01m[K/opt/ros/dashing/include/rcutils/logging_macros.h:72:64:[m[K [01;36m[Knote: [m[Kin definition of macro â€˜[01m[KRCUTILS_LOG_COND_NAMED[m[Kâ€™
[1.657s]        rcutils_log(&__rcutils_logging_location, severity, name, [01;36m[K__VA_ARGS__[m[K); \
[1.657s]                                                                 [01;36m[K^~~~~~~~~~~[m[K
[1.657s] [01m[K/opt/ros/dashing/include/rclcpp/logging.hpp:218:5:[m[K [01;36m[Knote: [m[Kin expansion of macro â€˜[01m[KRCUTILS_LOG_INFO_NAMED[m[Kâ€™
[1.658s]      [01;36m[KRCUTILS_LOG_INFO_NAMED[m[K( \
[1.658s]      [01;36m[K^~~~~~~~~~~~~~~~~~~~~~[m[K
[1.658s] [01m[K/opt/ros/dashing/include/rclcpp/logging.hpp:221:9:[m[K [01;36m[Knote: [m[Kin expansion of macro â€˜[01m[KRCLCPP_ALL_BUT_FIRST_ARGS[m[Kâ€™
[1.658s]          [01;36m[KRCLCPP_ALL_BUT_FIRST_ARGS[m[K(__VA_ARGS__,"")); \
[1.658s]          [01;36m[K^~~~~~~~~~~~~~~~~~~~~~~~~[m[K
[1.658s] [01m[K/home/final/ROS_2_ANDROID/src/publisher_member_function.cpp:117:2:[m[K [01;36m[Knote: [m[Kin expansion of macro â€˜[01m[KRCLCPP_INFO[m[Kâ€™
[1.658s]   [01;36m[KRCLCPP_INFO[m[K(node->get_logger(), "I heard: '%i, %i, %i'", message->linear.x, message->linear.y, message->linear.z);
[1.658s]   [01;36m[K^~~~~~~~~~~[m[K
[1.658s] [01m[K/home/final/ROS_2_ANDROID/src/publisher_member_function.cpp:117:104:[m[K [01;31m[Kerror: [m[Kbase operand of â€˜[01m[K->[m[Kâ€™ has non-pointer type â€˜[01m[Kgeometry_msgs::msg::Twist_<std::allocator<void> >[m[Kâ€™
[1.659s]   heard: '%i, %i, %i'", message->linear.x, message->linear.y, message[01;31m[K-[m[K>linear.z);
[1.659s]                                                                      [01;31m[K^[m[K
[1.659s] [01m[K/opt/ros/dashing/include/rcutils/logging_macros.h:72:64:[m[K [01;36m[Knote: [m[Kin definition of macro â€˜[01m[KRCUTILS_LOG_COND_NAMED[m[Kâ€™
[1.659s]        rcutils_log(&__rcutils_logging_location, severity, name, [01;36m[K__VA_ARGS__[m[K); \
[1.659s]                                                                 [01;36m[K^~~~~~~~~~~[m[K
[1.659s] [01m[K/opt/ros/dashing/include/rclcpp/logging.hpp:218:5:[m[K [01;36m[Knote: [m[Kin expansion of macro â€˜[01m[KRCUTILS_LOG_INFO_NAMED[m[Kâ€™
[1.659s]      [01;36m[KRCUTILS_LOG_INFO_NAMED[m[K( \
[1.659s]      [01;36m[K^~~~~~~~~~~~~~~~~~~~~~[m[K
[1.660s] [01m[K/opt/ros/dashing/include/rclcpp/logging.hpp:221:9:[m[K [01;36m[Knote: [m[Kin expansion of macro â€˜[01m[KRCLCPP_ALL_BUT_FIRST_ARGS[m[Kâ€™
[1.660s]          [01;36m[KRCLCPP_ALL_BUT_FIRST_ARGS[m[K(__VA_ARGS__,"")); \
[1.660s]          [01;36m[K^~~~~~~~~~~~~~~~~~~~~~~~~[m[K
[1.660s] [01m[K/home/final/ROS_2_ANDROID/src/publisher_member_function.cpp:117:2:[m[K [01;36m[Knote: [m[Kin expansion of macro â€˜[01m[KRCLCPP_INFO[m[Kâ€™
[1.660s]   [01;36m[KRCLCPP_INFO[m[K(node->get_logger(), "I heard: '%i, %i, %i'", message->linear.x, message->linear.y, message->linear.z);
[1.660s]   [01;36m[K^~~~~~~~~~~[m[K
[2.139s] CMakeFiles/talker.dir/build.make:62: recipe for target 'CMakeFiles/talker.dir/src/publisher_member_function.cpp.o' failed
[2.143s] make[2]: *** [CMakeFiles/talker.dir/src/publisher_member_function.cpp.o] Error 1
[2.144s] make[1]: *** [CMakeFiles/talker.dir/all] Error 2
[2.144s] make: *** [all] Error 2
[2.144s] CMakeFiles/Makefile2:67: recipe for target 'CMakeFiles/talker.dir/all' failed
[2.145s] Makefile:140: recipe for target 'all' failed
[2.145s] Invoked command in '/home/final/ROS_2_ANDROID/build/cpp_pubsub' returned '2': CMAKE_PREFIX_PATH=${CMAKE_PREFIX_PATH}:/opt/ros/dashing /usr/bin/cmake --build /home/final/ROS_2_ANDROID/build/cpp_pubsub -- -j1 -l1
