[0.035s] Invoking command in '/home/final/ROS_2_ANDROID/build/cpp_pubsub': CMAKE_PREFIX_PATH=${CMAKE_PREFIX_PATH}:/opt/ros/dashing /usr/bin/cmake --build /home/final/ROS_2_ANDROID/build/cpp_pubsub -- -j1 -l1
[0.150s] [35m[1mScanning dependencies of target talker[0m
[0.192s] [ 25%] [32mBuilding CXX object CMakeFiles/talker.dir/src/publisher_member_function.cpp.o[0m
[0.347s] [01m[K/home/final/ROS_2_ANDROID/src/publisher_member_function.cpp:110:17:[m[K [01;35m[Kwarning: [m[Kcharacter constant too long for its type
[0.347s]   message.data = [01;35m[K'{linear: {x: 1.0}}'[m[K -1;
[0.348s]                  [01;35m[K^~~~~~~~~~~~~~~~~~~~[m[K
[2.043s] [01m[K/home/final/ROS_2_ANDROID/src/publisher_member_function.cpp:[m[K In function â€˜[01m[Kint main(int, char**)[m[Kâ€™:
[2.043s] [01m[K/home/final/ROS_2_ANDROID/src/publisher_member_function.cpp:88:39:[m[K [01;31m[Kerror: [m[Kâ€˜[01m[Kgeometry_msgs[m[Kâ€™ was not declared in this scope
[2.043s]    publisher_ = node->create_publisher<[01;31m[Kgeometry_msgs[m[K/Twist>("topic");
[2.043s]                                        [01;31m[K^~~~~~~~~~~~~[m[K
[2.048s] [01m[K/home/final/ROS_2_ANDROID/src/publisher_member_function.cpp:88:53:[m[K [01;31m[Kerror: [m[Kâ€˜[01m[KTwist[m[Kâ€™ was not declared in this scope
[2.048s]    publisher_ = node->create_publisher<geometry_msgs/[01;31m[KTwist[m[K>("topic");
[2.048s]                                                      [01;31m[K^~~~~[m[K
[2.050s] [01m[K/home/final/ROS_2_ANDROID/src/publisher_member_function.cpp:88:67:[m[K [01;31m[Kerror: [m[Kno matching function for call to â€˜[01m[Krclcpp::Node::create_publisher<<expression error> >(const char [6])[m[Kâ€™
[2.050s]    publisher_ = node->create_publisher<geometry_msgs/Twist>("topic"[01;31m[K)[m[K;
[2.050s]                                                                    [01;31m[K^[m[K
[2.050s] In file included from [01m[K/opt/ros/dashing/include/rclcpp/executors/single_threaded_executor.hpp:28:0[m[K,
[2.051s]                  from [01m[K/opt/ros/dashing/include/rclcpp/executors.hpp:22[m[K,
[2.051s]                  from [01m[K/opt/ros/dashing/include/rclcpp/rclcpp.hpp:144[m[K,
[2.051s]                  from [01m[K/home/final/ROS_2_ANDROID/src/publisher_member_function.cpp:18[m[K:
[2.051s] [01m[K/opt/ros/dashing/include/rclcpp/node.hpp:177:3:[m[K [01;36m[Knote: [m[Kcandidate: template<class MessageT, class AllocatorT, class PublisherT> std::shared_ptr<PublisherT> rclcpp::Node::create_publisher(const string&, const rclcpp::QoS&, const rclcpp::PublisherOptionsWithAllocator<AllocatorT>&)
[2.051s]    [01;36m[Kcreate_publisher[m[K(
[2.052s]    [01;36m[K^~~~~~~~~~~~~~~~[m[K
[2.052s] [01m[K/opt/ros/dashing/include/rclcpp/node.hpp:177:3:[m[K [01;36m[Knote: [m[K  template argument deduction/substitution failed:
[2.052s] [01m[K/home/final/ROS_2_ANDROID/src/publisher_member_function.cpp:88:67:[m[K [01;31m[Kerror: [m[Ktemplate argument 1 is invalid
[2.052s]    publisher_ = node->create_publisher<geometry_msgs/Twist>("topic"[01;31m[K)[m[K;
[2.053s]                                                                    [01;31m[K^[m[K
[2.053s] In file included from [01m[K/opt/ros/dashing/include/rclcpp/executors/single_threaded_executor.hpp:28:0[m[K,
[2.053s]                  from [01m[K/opt/ros/dashing/include/rclcpp/executors.hpp:22[m[K,
[2.054s]                  from [01m[K/opt/ros/dashing/include/rclcpp/rclcpp.hpp:144[m[K,
[2.054s]                  from [01m[K/home/final/ROS_2_ANDROID/src/publisher_member_function.cpp:18[m[K:
[2.054s] [01m[K/opt/ros/dashing/include/rclcpp/node.hpp:198:3:[m[K [01;36m[Knote: [m[Kcandidate: template<class MessageT, class AllocatorT, class PublisherT> std::shared_ptr<PublisherT> rclcpp::Node::create_publisher(const string&, size_t, std::shared_ptr<_Up>)
[2.055s]    [01;36m[Kcreate_publisher[m[K(
[2.068s]    [01;36m[K^~~~~~~~~~~~~~~~[m[K
[2.068s] [01m[K/opt/ros/dashing/include/rclcpp/node.hpp:198:3:[m[K [01;36m[Knote: [m[K  template argument deduction/substitution failed:
[2.068s] [01m[K/home/final/ROS_2_ANDROID/src/publisher_member_function.cpp:88:67:[m[K [01;31m[Kerror: [m[Ktemplate argument 1 is invalid
[2.068s]    publisher_ = node->create_publisher<geometry_msgs/Twist>("topic"[01;31m[K)[m[K;
[2.068s]                                                                    [01;31m[K^[m[K
[2.068s] In file included from [01m[K/opt/ros/dashing/include/rclcpp/executors/single_threaded_executor.hpp:28:0[m[K,
[2.069s]                  from [01m[K/opt/ros/dashing/include/rclcpp/executors.hpp:22[m[K,
[2.069s]                  from [01m[K/opt/ros/dashing/include/rclcpp/rclcpp.hpp:144[m[K,
[2.069s]                  from [01m[K/home/final/ROS_2_ANDROID/src/publisher_member_function.cpp:18[m[K:
[2.069s] [01m[K/opt/ros/dashing/include/rclcpp/node.hpp:217:3:[m[K [01;36m[Knote: [m[Kcandidate: template<class MessageT, class AllocatorT, class PublisherT> std::shared_ptr<PublisherT> rclcpp::Node::create_publisher(const string&, const rmw_qos_profile_t&, std::shared_ptr<_Up>)
[2.070s]    [01;36m[Kcreate_publisher[m[K(
[2.070s]    [01;36m[K^~~~~~~~~~~~~~~~[m[K
[2.070s] [01m[K/opt/ros/dashing/include/rclcpp/node.hpp:217:3:[m[K [01;36m[Knote: [m[K  template argument deduction/substitution failed:
[2.070s] [01m[K/home/final/ROS_2_ANDROID/src/publisher_member_function.cpp:88:67:[m[K [01;31m[Kerror: [m[Ktemplate argument 1 is invalid
[2.071s]    publisher_ = node->create_publisher<geometry_msgs/Twist>("topic"[01;31m[K)[m[K;
[2.075s]                                                                    [01;31m[K^[m[K
[2.075s] [01m[K/home/final/ROS_2_ANDROID/src/publisher_member_function.cpp:110:38:[m[K [01;35m[Kwarning: [m[Koverflow in implicit constant conversion [[01;35m[K-Woverflow[m[K]
[2.076s]   message.data = [01;35m[K'{linear: {x: 1.0}}' -1[m[K;
[2.076s]                  [01;35m[K~~~~~~~~~~~~~~~~~~~~~^~[m[K
[2.464s] CMakeFiles/talker.dir/build.make:62: recipe for target 'CMakeFiles/talker.dir/src/publisher_member_function.cpp.o' failed
[2.467s] make[2]: *** [CMakeFiles/talker.dir/src/publisher_member_function.cpp.o] Error 1
[2.467s] make[1]: *** [CMakeFiles/talker.dir/all] Error 2
[2.467s] make: *** [all] Error 2
[2.468s] CMakeFiles/Makefile2:67: recipe for target 'CMakeFiles/talker.dir/all' failed
[2.468s] Makefile:140: recipe for target 'all' failed
[2.469s] Invoked command in '/home/final/ROS_2_ANDROID/build/cpp_pubsub' returned '2': CMAKE_PREFIX_PATH=${CMAKE_PREFIX_PATH}:/opt/ros/dashing /usr/bin/cmake --build /home/final/ROS_2_ANDROID/build/cpp_pubsub -- -j1 -l1
