[35m[1mScanning dependencies of target talker[0m
[ 25%] [32mBuilding CXX object CMakeFiles/talker.dir/src/publisher_member_function.cpp.o[0m
[01m[K/home/final/ROS_2_ANDROID/src/publisher_member_function.cpp:[m[K In function â€˜[01m[Kint main(int, char**)[m[Kâ€™:
[01m[K/home/final/ROS_2_ANDROID/src/publisher_member_function.cpp:114:11:[m[K [01;31m[Kerror: [m[Kexpected primary-expression before â€˜[01m[K==[m[Kâ€™ token
  if (buf* [01;31m[K==[m[K "1") {
           [01;31m[K^~[m[K
[01m[K/home/final/ROS_2_ANDROID/src/publisher_member_function.cpp:120:11:[m[K [01;31m[Kerror: [m[Kexpected primary-expression before â€˜[01m[K==[m[Kâ€™ token
  if (buf* [01;31m[K==[m[K "2") {
           [01;31m[K^~[m[K
[01m[K/home/final/ROS_2_ANDROID/src/publisher_member_function.cpp:126:11:[m[K [01;31m[Kerror: [m[Kexpected primary-expression before â€˜[01m[K==[m[Kâ€™ token
  if (buf* [01;31m[K==[m[K "3") {
           [01;31m[K^~[m[K
[01m[K/home/final/ROS_2_ANDROID/src/publisher_member_function.cpp:135:11:[m[K [01;31m[Kerror: [m[Kexpected primary-expression before â€˜[01m[K==[m[Kâ€™ token
  if (buf* [01;31m[K==[m[K "4") {
           [01;31m[K^~[m[K
[01m[K/home/final/ROS_2_ANDROID/src/publisher_member_function.cpp:141:11:[m[K [01;31m[Kerror: [m[Kexpected primary-expression before â€˜[01m[K==[m[Kâ€™ token
  if (buf* [01;31m[K==[m[K "5") {
           [01;31m[K^~[m[K
CMakeFiles/talker.dir/build.make:62: recipe for target 'CMakeFiles/talker.dir/src/publisher_member_function.cpp.o' failed
make[2]: *** [CMakeFiles/talker.dir/src/publisher_member_function.cpp.o] Error 1
CMakeFiles/Makefile2:67: recipe for target 'CMakeFiles/talker.dir/all' failed
make[1]: *** [CMakeFiles/talker.dir/all] Error 2
make: *** [all] Error 2
Makefile:140: recipe for target 'all' failed
