[0.077s] Invoking command in '/home/final/ROS_2_ANDROID/build/cpp_pubsub': CMAKE_PREFIX_PATH=${CMAKE_PREFIX_PATH}:/opt/ros/dashing /usr/bin/cmake --build /home/final/ROS_2_ANDROID/build/cpp_pubsub -- -j1 -l1
[0.279s] [35m[1mScanning dependencies of target talker[0m
[0.354s] [ 25%] [32mBuilding CXX object CMakeFiles/talker.dir/src/publisher_member_function.cpp.o[0m
[3.638s] [01m[K/home/final/ROS_2_ANDROID/src/publisher_member_function.cpp:[m[K In function â€˜[01m[Kint main(int, char**)[m[Kâ€™:
[3.638s] [01m[K/home/final/ROS_2_ANDROID/src/publisher_member_function.cpp:114:11:[m[K [01;31m[Kerror: [m[Kexpected primary-expression before â€˜[01m[K==[m[Kâ€™ token
[3.639s]   if (buf* [01;31m[K==[m[K "1") {
[3.639s]            [01;31m[K^~[m[K
[3.639s] [01m[K/home/final/ROS_2_ANDROID/src/publisher_member_function.cpp:120:11:[m[K [01;31m[Kerror: [m[Kexpected primary-expression before â€˜[01m[K==[m[Kâ€™ token
[3.641s]   if (buf* [01;31m[K==[m[K "2") {
[3.641s]            [01;31m[K^~[m[K
[3.642s] [01m[K/home/final/ROS_2_ANDROID/src/publisher_member_function.cpp:126:11:[m[K [01;31m[Kerror: [m[Kexpected primary-expression before â€˜[01m[K==[m[Kâ€™ token
[3.642s]   if (buf* [01;31m[K==[m[K "3") {
[3.642s]            [01;31m[K^~[m[K
[3.642s] [01m[K/home/final/ROS_2_ANDROID/src/publisher_member_function.cpp:135:11:[m[K [01;31m[Kerror: [m[Kexpected primary-expression before â€˜[01m[K==[m[Kâ€™ token
[3.643s]   if (buf* [01;31m[K==[m[K "4") {
[3.643s]            [01;31m[K^~[m[K
[3.644s] [01m[K/home/final/ROS_2_ANDROID/src/publisher_member_function.cpp:141:11:[m[K [01;31m[Kerror: [m[Kexpected primary-expression before â€˜[01m[K==[m[Kâ€™ token
[3.645s]   if (buf* [01;31m[K==[m[K "5") {
[3.645s]            [01;31m[K^~[m[K
[4.812s] CMakeFiles/talker.dir/build.make:62: recipe for target 'CMakeFiles/talker.dir/src/publisher_member_function.cpp.o' failed
[4.818s] make[2]: *** [CMakeFiles/talker.dir/src/publisher_member_function.cpp.o] Error 1
[4.819s] CMakeFiles/Makefile2:67: recipe for target 'CMakeFiles/talker.dir/all' failed
[4.819s] make[1]: *** [CMakeFiles/talker.dir/all] Error 2
[4.819s] make: *** [all] Error 2
[4.819s] Makefile:140: recipe for target 'all' failed
[4.819s] Invoked command in '/home/final/ROS_2_ANDROID/build/cpp_pubsub' returned '2': CMAKE_PREFIX_PATH=${CMAKE_PREFIX_PATH}:/opt/ros/dashing /usr/bin/cmake --build /home/final/ROS_2_ANDROID/build/cpp_pubsub -- -j1 -l1
