[0.032s] Invoking command in '/home/final/ROS_2_ANDROID/build/cpp_pubsub': CMAKE_PREFIX_PATH=${CMAKE_PREFIX_PATH}:/opt/ros/dashing /usr/bin/cmake --build /home/final/ROS_2_ANDROID/build/cpp_pubsub -- -j1 -l1
[0.124s] [35m[1mScanning dependencies of target talker[0m
[0.187s] [ 25%] [32mBuilding CXX object CMakeFiles/talker.dir/src/publisher_member_function.cpp.o[0m
[0.319s] [01m[K/home/final/ROS_2_ANDROID/src/publisher_member_function.cpp:110:17:[m[K [01;35m[Kwarning: [m[Kcharacter constant too long for its type
[0.319s]   message.data = [01;35m[K'{linear: {x: 1.0}}'[m[K -1;
[0.320s]                  [01;35m[K^~~~~~~~~~~~~~~~~~~~[m[K
[1.920s] [01m[K/home/final/ROS_2_ANDROID/src/publisher_member_function.cpp:[m[K In function â€˜[01m[Kint main(int, char**)[m[Kâ€™:
[1.920s] [01m[K/home/final/ROS_2_ANDROID/src/publisher_member_function.cpp:88:39:[m[K [01;31m[Kerror: [m[Kâ€˜[01m[Kgeometry_msgs[m[Kâ€™ was not declared in this scope
[1.920s]    publisher_ = node->create_publisher<[01;31m[Kgeometry_msgs[m[K/Twist>;
[1.920s]                                        [01;31m[K^~~~~~~~~~~~~[m[K
[1.925s] [01m[K/home/final/ROS_2_ANDROID/src/publisher_member_function.cpp:88:53:[m[K [01;31m[Kerror: [m[Kâ€˜[01m[KTwist[m[Kâ€™ was not declared in this scope
[1.926s]    publisher_ = node->create_publisher<geometry_msgs/[01;31m[KTwist[m[K>;
[1.926s]                                                      [01;31m[K^~~~~[m[K
[1.928s] [01m[K/home/final/ROS_2_ANDROID/src/publisher_member_function.cpp:88:22:[m[K [01;31m[Kerror: [m[Kno match for â€˜[01m[Koperator=[m[Kâ€™ (operand types are â€˜[01m[Krclcpp::Publisher<std_msgs::msg::String_<std::allocator<void> > >::SharedPtr {aka std::shared_ptr<rclcpp::Publisher<std_msgs::msg::String_<std::allocator<void> > > >}[m[Kâ€™ and â€˜[01m[K<unresolved overloaded function type>[m[Kâ€™)
[1.928s]    publisher_ = node->[01;31m[Kcreate_publisher<geometry_msgs/Twist>[m[K;
[1.928s]                       [01;31m[K^~~~~~~~~~~~~~~~~~~~~~~~~~~~~~~~~~~~~[m[K
[1.929s] In file included from [01m[K/usr/include/c++/7/memory:81:0[m[K,
[1.929s]                  from [01m[K/home/final/ROS_2_ANDROID/src/publisher_member_function.cpp:16[m[K:
[1.929s] [01m[K/usr/include/c++/7/bits/shared_ptr.h:296:19:[m[K [01;36m[Knote: [m[Kcandidate: std::shared_ptr<_Tp>& std::shared_ptr<_Tp>::operator=(const std::shared_ptr<_Tp>&) [with _Tp = rclcpp::Publisher<std_msgs::msg::String_<std::allocator<void> > >]
[1.929s]        shared_ptr& [01;36m[Koperator[m[K=(const shared_ptr&) noexcept = default;
[1.929s]                    [01;36m[K^~~~~~~~[m[K
[1.930s] [01m[K/usr/include/c++/7/bits/shared_ptr.h:296:19:[m[K [01;36m[Knote: [m[K  no known conversion for argument 1 from â€˜[01m[K<unresolved overloaded function type>[m[Kâ€™ to â€˜[01m[Kconst std::shared_ptr<rclcpp::Publisher<std_msgs::msg::String_<std::allocator<void> > > >&[m[Kâ€™
[1.930s] [01m[K/usr/include/c++/7/bits/shared_ptr.h:300:2:[m[K [01;36m[Knote: [m[Kcandidate: template<class _Yp> std::shared_ptr<_Tp>::_Assignable<const std::shared_ptr<_Yp>&> std::shared_ptr<_Tp>::operator=(const std::shared_ptr<_Yp>&) [with _Yp = _Yp; _Tp = rclcpp::Publisher<std_msgs::msg::String_<std::allocator<void> > >]
[1.930s]   [01;36m[Koperator[m[K=(const shared_ptr<_Yp>& __r) noexcept
[1.931s]   [01;36m[K^~~~~~~~[m[K
[1.931s] [01m[K/usr/include/c++/7/bits/shared_ptr.h:300:2:[m[K [01;36m[Knote: [m[K  template argument deduction/substitution failed:
[1.931s] [01m[K/home/final/ROS_2_ANDROID/src/publisher_member_function.cpp:88:22:[m[K [01;36m[Knote: [m[K  couldn't deduce template parameter â€˜[01m[K_Yp[m[Kâ€™
[1.931s]    publisher_ = node->[01;36m[Kcreate_publisher<geometry_msgs/Twist>[m[K;
[1.932s]                       [01;36m[K^~~~~~~~~~~~~~~~~~~~~~~~~~~~~~~~~~~~~[m[K
[1.932s] In file included from [01m[K/usr/include/c++/7/memory:81:0[m[K,
[1.932s]                  from [01m[K/home/final/ROS_2_ANDROID/src/publisher_member_function.cpp:16[m[K:
[1.933s] [01m[K/usr/include/c++/7/bits/shared_ptr.h:309:2:[m[K [01;36m[Knote: [m[Kcandidate: template<class _Yp> std::shared_ptr<_Tp>::_Assignable<std::auto_ptr<_Up> > std::shared_ptr<_Tp>::operator=(std::auto_ptr<_Up>&&) [with _Yp = _Yp; _Tp = rclcpp::Publisher<std_msgs::msg::String_<std::allocator<void> > >]
[1.933s]   [01;36m[Koperator[m[K=(auto_ptr<_Yp>&& __r)
[1.933s]   [01;36m[K^~~~~~~~[m[K
[1.933s] [01m[K/usr/include/c++/7/bits/shared_ptr.h:309:2:[m[K [01;36m[Knote: [m[K  template argument deduction/substitution failed:
[1.933s] [01m[K/home/final/ROS_2_ANDROID/src/publisher_member_function.cpp:88:22:[m[K [01;36m[Knote: [m[K  couldn't deduce template parameter â€˜[01m[K_Yp[m[Kâ€™
[1.933s]    publisher_ = node->[01;36m[Kcreate_publisher<geometry_msgs/Twist>[m[K;
[1.934s]                       [01;36m[K^~~~~~~~~~~~~~~~~~~~~~~~~~~~~~~~~~~~~[m[K
[1.934s] In file included from [01m[K/usr/include/c++/7/memory:81:0[m[K,
[1.940s]                  from [01m[K/home/final/ROS_2_ANDROID/src/publisher_member_function.cpp:16[m[K:
[1.941s] [01m[K/usr/include/c++/7/bits/shared_ptr.h:317:7:[m[K [01;36m[Knote: [m[Kcandidate: std::shared_ptr<_Tp>& std::shared_ptr<_Tp>::operator=(std::shared_ptr<_Tp>&&) [with _Tp = rclcpp::Publisher<std_msgs::msg::String_<std::allocator<void> > >]
[1.941s]        [01;36m[Koperator[m[K=(shared_ptr&& __r) noexcept
[1.941s]        [01;36m[K^~~~~~~~[m[K
[1.941s] [01m[K/usr/include/c++/7/bits/shared_ptr.h:317:7:[m[K [01;36m[Knote: [m[K  no known conversion for argument 1 from â€˜[01m[K<unresolved overloaded function type>[m[Kâ€™ to â€˜[01m[Kstd::shared_ptr<rclcpp::Publisher<std_msgs::msg::String_<std::allocator<void> > > >&&[m[Kâ€™
[1.942s] [01m[K/usr/include/c++/7/bits/shared_ptr.h:325:2:[m[K [01;36m[Knote: [m[Kcandidate: template<class _Yp> std::shared_ptr<_Tp>::_Assignable<std::shared_ptr<_Yp> > std::shared_ptr<_Tp>::operator=(std::shared_ptr<_Yp>&&) [with _Yp = _Yp; _Tp = rclcpp::Publisher<std_msgs::msg::String_<std::allocator<void> > >]
[1.942s]   [01;36m[Koperator[m[K=(shared_ptr<_Yp>&& __r) noexcept
[1.942s]   [01;36m[K^~~~~~~~[m[K
[1.942s] [01m[K/usr/include/c++/7/bits/shared_ptr.h:325:2:[m[K [01;36m[Knote: [m[K  template argument deduction/substitution failed:
[1.942s] [01m[K/home/final/ROS_2_ANDROID/src/publisher_member_function.cpp:88:22:[m[K [01;36m[Knote: [m[K  couldn't deduce template parameter â€˜[01m[K_Yp[m[Kâ€™
[1.942s]    publisher_ = node->[01;36m[Kcreate_publisher<geometry_msgs/Twist>[m[K;
[1.943s]                       [01;36m[K^~~~~~~~~~~~~~~~~~~~~~~~~~~~~~~~~~~~~[m[K
[1.943s] In file included from [01m[K/usr/include/c++/7/memory:81:0[m[K,
[1.943s]                  from [01m[K/home/final/ROS_2_ANDROID/src/publisher_member_function.cpp:16[m[K:
[1.943s] [01m[K/usr/include/c++/7/bits/shared_ptr.h:333:2:[m[K [01;36m[Knote: [m[Kcandidate: template<class _Yp, class _Del> std::shared_ptr<_Tp>::_Assignable<std::unique_ptr<_Up, _Ep> > std::shared_ptr<_Tp>::operator=(std::unique_ptr<_Up, _Ep>&&) [with _Yp = _Yp; _Del = _Del; _Tp = rclcpp::Publisher<std_msgs::msg::String_<std::allocator<void> > >]
[1.943s]   [01;36m[Koperator[m[K=(unique_ptr<_Yp, _Del>&& __r)
[1.948s]   [01;36m[K^~~~~~~~[m[K
[1.948s] [01m[K/usr/include/c++/7/bits/shared_ptr.h:333:2:[m[K [01;36m[Knote: [m[K  template argument deduction/substitution failed:
[1.948s] [01m[K/home/final/ROS_2_ANDROID/src/publisher_member_function.cpp:88:22:[m[K [01;36m[Knote: [m[K  couldn't deduce template parameter â€˜[01m[K_Yp[m[Kâ€™
[1.949s]    publisher_ = node->[01;36m[Kcreate_publisher<geometry_msgs/Twist>[m[K;
[1.949s]                       [01;36m[K^~~~~~~~~~~~~~~~~~~~~~~~~~~~~~~~~~~~~[m[K
[1.949s] [01m[K/home/final/ROS_2_ANDROID/src/publisher_member_function.cpp:110:38:[m[K [01;35m[Kwarning: [m[Koverflow in implicit constant conversion [[01;35m[K-Woverflow[m[K]
[1.949s]   message.data = [01;35m[K'{linear: {x: 1.0}}' -1[m[K;
[1.956s]                  [01;35m[K~~~~~~~~~~~~~~~~~~~~~^~[m[K
[2.346s] CMakeFiles/talker.dir/build.make:62: recipe for target 'CMakeFiles/talker.dir/src/publisher_member_function.cpp.o' failed
[2.348s] make[2]: *** [CMakeFiles/talker.dir/src/publisher_member_function.cpp.o] Error 1
[2.348s] make[1]: *** [CMakeFiles/talker.dir/all] Error 2
[2.348s] CMakeFiles/Makefile2:67: recipe for target 'CMakeFiles/talker.dir/all' failed
[2.348s] make: *** [all] Error 2
[2.348s] Makefile:140: recipe for target 'all' failed
[2.351s] Invoked command in '/home/final/ROS_2_ANDROID/build/cpp_pubsub' returned '2': CMAKE_PREFIX_PATH=${CMAKE_PREFIX_PATH}:/opt/ros/dashing /usr/bin/cmake --build /home/final/ROS_2_ANDROID/build/cpp_pubsub -- -j1 -l1
