[01m[K/home/final/ROS_2_ANDROID/src/publisher_member_function.cpp:[m[K In function â€˜[01m[Kint main(int, char**)[m[Kâ€™:
[01m[K/home/final/ROS_2_ANDROID/src/publisher_member_function.cpp:85:16:[m[K [01;31m[Kerror: [m[Kâ€˜[01m[Knode[m[Kâ€™ was not declared in this scope
   publisher_ = [01;31m[Knode[m[K->create_publisher<std_msgs::msg::String>("topic", 10);
                [01;31m[K^~~~[m[K
[01m[K/home/final/ROS_2_ANDROID/src/publisher_member_function.cpp:85:16:[m[K [01;36m[Knote: [m[Ksuggested alternative: â€˜[01m[Knice[m[Kâ€™
   publisher_ = [01;36m[Knode[m[K->create_publisher<std_msgs::msg::String>("topic", 10);
                [01;36m[K^~~~[m[K
                [32m[Knice[m[K
[01m[K/home/final/ROS_2_ANDROID/src/publisher_member_function.cpp:85:60:[m[K [01;31m[Kerror: [m[Kexpected primary-expression before â€˜[01m[K>[m[Kâ€™ token
   publisher_ = node->create_publisher<std_msgs::msg::String[01;31m[K>[m[K("topic", 10);
                                                            [01;31m[K^[m[K
[01m[K/home/final/ROS_2_ANDROID/src/publisher_member_function.cpp:85:71:[m[K [01;35m[Kwarning: [m[Kleft operand of comma operator has no effect [[01;35m[K-Wunused-value[m[K]
   publisher_ = node->create_publisher<std_msgs::msg::String>("topic", [01;35m[K10[m[K);
                                                                       [01;35m[K^~[m[K
In file included from [01m[K/opt/ros/dashing/include/rclcpp/service.hpp:33:0[m[K,
                 from [01m[K/opt/ros/dashing/include/rclcpp/callback_group.hpp:25[m[K,
                 from [01m[K/opt/ros/dashing/include/rclcpp/any_executable.hpp:20[m[K,
                 from [01m[K/opt/ros/dashing/include/rclcpp/memory_strategy.hpp:24[m[K,
                 from [01m[K/opt/ros/dashing/include/rclcpp/memory_strategies.hpp:18[m[K,
                 from [01m[K/opt/ros/dashing/include/rclcpp/executor.hpp:33[m[K,
                 from [01m[K/opt/ros/dashing/include/rclcpp/executors/multi_threaded_executor.hpp:24[m[K,
                 from [01m[K/opt/ros/dashing/include/rclcpp/executors.hpp:21[m[K,
                 from [01m[K/opt/ros/dashing/include/rclcpp/rclcpp.hpp:144[m[K,
                 from [01m[K/home/final/ROS_2_ANDROID/src/publisher_member_function.cpp:18[m[K:
[01m[K/opt/ros/dashing/include/rclcpp/logging.hpp:215:93:[m[K [01;31m[Kerror: [m[Ktemplate argument 1 is invalid
 ename std::remove_reference<typename std::remove_cv<decltype(logger)[01;31m[K>[m[K::type>::type, \
                                                                     [01;31m[K^[m[K
[01m[K/home/final/ROS_2_ANDROID/src/publisher_member_function.cpp:108:9:[m[K [01;36m[Knote: [m[Kin expansion of macro â€˜[01m[KRCLCPP_INFO[m[Kâ€™
         [01;36m[KRCLCPP_INFO[m[K(node->get_logger(), "Publishing: '%s'", message.data.c_str());
         [01;36m[K^~~~~~~~~~~[m[K
[01m[K/opt/ros/dashing/include/rclcpp/logging.hpp:215:100:[m[K [01;31m[Kerror: [m[Ktemplate argument 1 is invalid
 std::remove_reference<typename std::remove_cv<decltype(logger)>::type[01;31m[K>[m[K::type, \
                                                                      [01;31m[K^[m[K
[01m[K/home/final/ROS_2_ANDROID/src/publisher_member_function.cpp:108:9:[m[K [01;36m[Knote: [m[Kin expansion of macro â€˜[01m[KRCLCPP_INFO[m[Kâ€™
         [01;36m[KRCLCPP_INFO[m[K(node->get_logger(), "Publishing: '%s'", message.data.c_str());
         [01;36m[K^~~~~~~~~~~[m[K
[01m[K/opt/ros/dashing/include/rclcpp/logging.hpp:216:32:[m[K [01;31m[Kerror: [m[Ktemplate argument 1 is invalid
       typename ::rclcpp::Logger[01;31m[K>[m[K::value, \
                                [01;31m[K^[m[K
[01m[K/home/final/ROS_2_ANDROID/src/publisher_member_function.cpp:108:9:[m[K [01;36m[Knote: [m[Kin expansion of macro â€˜[01m[KRCLCPP_INFO[m[Kâ€™
         [01;36m[KRCLCPP_INFO[m[K(node->get_logger(), "Publishing: '%s'", message.data.c_str());
         [01;36m[K^~~~~~~~~~~[m[K
make[2]: *** [CMakeFiles/talker.dir/src/publisher_member_function.cpp.o] Error 1
make[1]: *** [CMakeFiles/talker.dir/all] Error 2
make: *** [all] Error 2
