[0.034s] Invoking command in '/home/final/ROS_2_ANDROID/build/cpp_pubsub': CMAKE_PREFIX_PATH=${CMAKE_PREFIX_PATH}:/opt/ros/dashing /usr/bin/cmake --build /home/final/ROS_2_ANDROID/build/cpp_pubsub -- -j1 -l1
[0.206s] [35m[1mScanning dependencies of target talker[0m
[0.302s] [ 25%] [32mBuilding CXX object CMakeFiles/talker.dir/src/publisher_member_function.cpp.o[0m
[2.748s] [01m[K/home/final/ROS_2_ANDROID/src/publisher_member_function.cpp:[m[K In function â€˜[01m[Kint main(int, char**)[m[Kâ€™:
[2.748s] [01m[K/home/final/ROS_2_ANDROID/src/publisher_member_function.cpp:107:26:[m[K [01;31m[Kerror: [m[Kinvalid operands of types â€˜[01m[Kconst char [7][m[Kâ€™ and â€˜[01m[Kchar [4096][m[Kâ€™ to binary â€˜[01m[Koperator+[m[Kâ€™
[2.749s]   message.data = [01;31m[K"Edmund" + buf[m[K;
[2.749s]                  [01;31m[K~~~~~~~~~^~~~~[m[K
[3.787s] CMakeFiles/talker.dir/build.make:62: recipe for target 'CMakeFiles/talker.dir/src/publisher_member_function.cpp.o' failed
[3.790s] make[2]: *** [CMakeFiles/talker.dir/src/publisher_member_function.cpp.o] Error 1
[3.790s] CMakeFiles/Makefile2:67: recipe for target 'CMakeFiles/talker.dir/all' failed
[3.791s] make[1]: *** [CMakeFiles/talker.dir/all] Error 2
[3.791s] make: *** [all] Error 2
[3.791s] Makefile:140: recipe for target 'all' failed
[3.792s] Invoked command in '/home/final/ROS_2_ANDROID/build/cpp_pubsub' returned '2': CMAKE_PREFIX_PATH=${CMAKE_PREFIX_PATH}:/opt/ros/dashing /usr/bin/cmake --build /home/final/ROS_2_ANDROID/build/cpp_pubsub -- -j1 -l1
